etrain91  29647  71573  0 17:45 ?        00:00:00 -bash
etrain91  29756  29647  0 17:45 ?        00:00:00 /bin/bash /var/spool/torque/mom_priv/jobs/1459732.gordon-fe2.local.SC
etrain91  29758  29756  0 17:45 ?        00:00:00 mpirun_rsh -export -np 8 -hostfile /var/spool/torque/aux//1459732.gordon-fe2.local /home/diag/opt/mpi4py/mvapich2/intel/1.3.1/lib/python/mpi4py/bin/python-mpi /home/diag/opt/sdsc-user/bundler/bundler.py tasks
etrain91  29760  29758  5 17:45 ?        00:00:00 /usr/bin/ssh -q gcn-3-58 cd /home/etrain91/SI2014/DAY1/BUNDLER; /usr/bin/env LD_LIBRARY_PATH=/opt/python/lib:/opt/gnu/gmp/lib:/opt/gnu/mpc/lib:/opt/gnu/gcc/lib64:/opt/gnu/mpfr/lib:/opt/gnu/lib:/opt/gnu/lib64:/opt/mvapich2/intel/ib/lib:/opt/intel/composer_xe_2013.1.117/compiler/lib/intel64:/opt/intel/composer_xe_2013.1.117/ipp/../compiler/lib/intel64:/opt/intel/composer_xe_2013.1.117/ipp/lib/intel64:/opt/intel/composer_xe_2013.1.117/compiler/lib/intel64:/opt/intel/composer_xe_2013.1.117/mkl/lib/intel64:/opt/intel/composer_xe_2013.1.117/tbb/lib/intel64//cc4.1.0_libc2.4_kernel2.6.16.21:/opt/gridengine/lib/lx26-amd64:/opt/intel/composer_xe_2013.1.117/debugger/lib/intel64:/opt/intel/composer_xe_2013.1.117/mpirt/lib/intel64 MPISPAWN_MPIRUN_MPD=0 USE_LINEAR_SSH=1 MPISPAWN_MPIRUN_HOST=gcn-3-58.sdsc.edu MPISPAWN_MPIRUN_HOSTIP=198.202.100.113 MPIRUN_RSH_LAUNCH=1 MPISPAWN_CHECKIN_PORT=37194 MPISPAWN_MPIRUN_PORT=37194 MPISPAWN_NNODES=1 MPISPAWN_GLOBAL_NPROCS=8 MPISPAWN_MPIRUN_ID=29758 MPISPAWN_ARGC=3 MPDMAN_KVS_TEMPLATE=kvs_924_gcn-3-58.sdsc.edu_29758 MPISPAWN_LOCAL_NPROCS=8 MPISPAWN_ARGV_0='/home/diag/opt/mpi4py/mvapich2/intel/1.3.1/lib/python/mpi4py/bin/python-mpi' MPISPAWN_ARGV_1='/home/diag/opt/sdsc-user/bundler/bundler.py' MPISPAWN_ARGV_2='tasks' MPISPAWN_ARGC=3 MPISPAWN_GENERIC_ENV_COUNT=0  MPISPAWN_ID=0 MPISPAWN_WORKING_DIR=/home/etrain91/SI2014/DAY1/BUNDLER MPISPAWN_MPIRUN_RANK_0=0 MPISPAWN_MPIRUN_RANK_1=1 MPISPAWN_MPIRUN_RANK_2=2 MPISPAWN_MPIRUN_RANK_3=3 MPISPAWN_MPIRUN_RANK_4=4 MPISPAWN_MPIRUN_RANK_5=5 MPISPAWN_MPIRUN_RANK_6=6 MPISPAWN_MPIRUN_RANK_7=7  /opt/mvapich2/intel/ib/bin/mpispawn 0
root      29762   4456  5 17:45 ?        00:00:00 sshd: etrain91 [priv]
etrain91  29764  29762  0 17:45 ?        00:00:00 sshd: etrain91@notty
etrain91  29765  29764  0 17:45 ?        00:00:00 bash -c cd /home/etrain91/SI2014/DAY1/BUNDLER; /usr/bin/env LD_LIBRARY_PATH=/opt/python/lib:/opt/gnu/gmp/lib:/opt/gnu/mpc/lib:/opt/gnu/gcc/lib64:/opt/gnu/mpfr/lib:/opt/gnu/lib:/opt/gnu/lib64:/opt/mvapich2/intel/ib/lib:/opt/intel/composer_xe_2013.1.117/compiler/lib/intel64:/opt/intel/composer_xe_2013.1.117/ipp/../compiler/lib/intel64:/opt/intel/composer_xe_2013.1.117/ipp/lib/intel64:/opt/intel/composer_xe_2013.1.117/compiler/lib/intel64:/opt/intel/composer_xe_2013.1.117/mkl/lib/intel64:/opt/intel/composer_xe_2013.1.117/tbb/lib/intel64//cc4.1.0_libc2.4_kernel2.6.16.21:/opt/gridengine/lib/lx26-amd64:/opt/intel/composer_xe_2013.1.117/debugger/lib/intel64:/opt/intel/composer_xe_2013.1.117/mpirt/lib/intel64 MPISPAWN_MPIRUN_MPD=0 USE_LINEAR_SSH=1 MPISPAWN_MPIRUN_HOST=gcn-3-58.sdsc.edu MPISPAWN_MPIRUN_HOSTIP=198.202.100.113 MPIRUN_RSH_LAUNCH=1 MPISPAWN_CHECKIN_PORT=37194 MPISPAWN_MPIRUN_PORT=37194 MPISPAWN_NNODES=1 MPISPAWN_GLOBAL_NPROCS=8 MPISPAWN_MPIRUN_ID=29758 MPISPAWN_ARGC=3 MPDMAN_KVS_TEMPLATE=kvs_924_gcn-3-58.sdsc.edu_29758 MPISPAWN_LOCAL_NPROCS=8 MPISPAWN_ARGV_0='/home/diag/opt/mpi4py/mvapich2/intel/1.3.1/lib/python/mpi4py/bin/python-mpi' MPISPAWN_ARGV_1='/home/diag/opt/sdsc-user/bundler/bundler.py' MPISPAWN_ARGV_2='tasks' MPISPAWN_ARGC=3 MPISPAWN_GENERIC_ENV_COUNT=0  MPISPAWN_ID=0 MPISPAWN_WORKING_DIR=/home/etrain91/SI2014/DAY1/BUNDLER MPISPAWN_MPIRUN_RANK_0=0 MPISPAWN_MPIRUN_RANK_1=1 MPISPAWN_MPIRUN_RANK_2=2 MPISPAWN_MPIRUN_RANK_3=3 MPISPAWN_MPIRUN_RANK_4=4 MPISPAWN_MPIRUN_RANK_5=5 MPISPAWN_MPIRUN_RANK_6=6 MPISPAWN_MPIRUN_RANK_7=7  /opt/mvapich2/intel/ib/bin/mpispawn 0
etrain91  29800  29765  0 17:45 ?        00:00:00 /opt/mvapich2/intel/ib/bin/mpispawn 0
etrain91  29802  29800 39 17:45 ?        00:00:00 /home/diag/opt/mpi4py/mvapich2/intel/1.3.1/lib/python/mpi4py/bin/python-mpi /home/diag/opt/sdsc-user/bundler/bundler.py tasks
etrain91  29803  29800 39 17:45 ?        00:00:00 /home/diag/opt/mpi4py/mvapich2/intel/1.3.1/lib/python/mpi4py/bin/python-mpi /home/diag/opt/sdsc-user/bundler/bundler.py tasks
etrain91  29804  29800 38 17:45 ?        00:00:00 /home/diag/opt/mpi4py/mvapich2/intel/1.3.1/lib/python/mpi4py/bin/python-mpi /home/diag/opt/sdsc-user/bundler/bundler.py tasks
etrain91  29805  29800 36 17:45 ?        00:00:00 /home/diag/opt/mpi4py/mvapich2/intel/1.3.1/lib/python/mpi4py/bin/python-mpi /home/diag/opt/sdsc-user/bundler/bundler.py tasks
etrain91  29806  29800 36 17:45 ?        00:00:00 /home/diag/opt/mpi4py/mvapich2/intel/1.3.1/lib/python/mpi4py/bin/python-mpi /home/diag/opt/sdsc-user/bundler/bundler.py tasks
etrain91  29807  29800 38 17:45 ?        00:00:00 /home/diag/opt/mpi4py/mvapich2/intel/1.3.1/lib/python/mpi4py/bin/python-mpi /home/diag/opt/sdsc-user/bundler/bundler.py tasks
etrain91  29808  29800 37 17:45 ?        00:00:00 /home/diag/opt/mpi4py/mvapich2/intel/1.3.1/lib/python/mpi4py/bin/python-mpi /home/diag/opt/sdsc-user/bundler/bundler.py tasks
etrain91  29809  29800 37 17:45 ?        00:00:00 /home/diag/opt/mpi4py/mvapich2/intel/1.3.1/lib/python/mpi4py/bin/python-mpi /home/diag/opt/sdsc-user/bundler/bundler.py tasks
etrain91  29814  29808  0 17:45 ?        00:00:00 sh -c ps -ef | grep $USER > task7.out
etrain91  29819  29806  0 17:45 ?        00:00:00 sh -c df | grep scratch > task5.out
etrain91  29820  29805  0 17:45 ?        00:00:00 sh -c df | grep oasis > Lustre.fs.info
etrain91  29824  29819  0 17:45 ?        00:00:00 df
etrain91  29825  29820  0 17:45 ?        00:00:00 df
etrain91  29826  29814  0 17:45 ?        00:00:00 ps -ef
etrain91  29828  29819  0 17:45 ?        00:00:00 grep scratch
etrain91  29829  29820  0 17:45 ?        00:00:00 grep oasis
etrain91  29830  29814  0 17:45 ?        00:00:00 grep etrain91
